{"C:\\Users\\kaust\\OneDrive\\Desktop\\Kaustubh code practice\\Restaurant app react\\src\\components\\Contact.js": {"path":"C:\\Users\\kaust\\OneDrive\\Desktop\\Kaustubh code practice\\Restaurant app react\\src\\components\\Contact.js","statementMap":{"0":{"start":{"line":1,"column":14},"end":{"line":21,"column":5}},"1":{"start":{"line":3,"column":8},"end":{"line":20,"column":9}}},"fnMap":{"0":{"name":"(anonymous_0)","decl":{"start":{"line":1,"column":14},"end":{"line":1,"column":15}},"loc":{"start":{"line":2,"column":4},"end":{"line":21,"column":5}},"line":2}},"branchMap":{},"s":{"0":1,"1":4},"f":{"0":4},"b":{},"_coverageSchema":"1a1c01bbd47fc00a2c39e90264f33305004495a9","hash":"d64f815ca3455b355c491fcda28f619a187a0a03"}
,"C:\\Users\\kaust\\OneDrive\\Desktop\\Kaustubh code practice\\Restaurant app react\\src\\components\\sum.js": {"path":"C:\\Users\\kaust\\OneDrive\\Desktop\\Kaustubh code practice\\Restaurant app react\\src\\components\\sum.js","statementMap":{"0":{"start":{"line":1,"column":19},"end":{"line":3,"column":1}},"1":{"start":{"line":2,"column":4},"end":{"line":2,"column":15}}},"fnMap":{"0":{"name":"(anonymous_0)","decl":{"start":{"line":1,"column":19},"end":{"line":1,"column":20}},"loc":{"start":{"line":1,"column":26},"end":{"line":3,"column":1}},"line":1}},"branchMap":{},"s":{"0":1,"1":1},"f":{"0":1},"b":{},"_coverageSchema":"1a1c01bbd47fc00a2c39e90264f33305004495a9","hash":"1793568ca9cf487341742bdcee970154a8345e98"}
}
