{"E:\\Kaustubh code practice\\Restaurant app react\\src\\components\\Contact.js": {"path":"E:\\Kaustubh code practice\\Restaurant app react\\src\\components\\Contact.js","statementMap":{"0":{"start":{"line":1,"column":14},"end":{"line":21,"column":5}},"1":{"start":{"line":3,"column":8},"end":{"line":20,"column":9}}},"fnMap":{"0":{"name":"(anonymous_0)","decl":{"start":{"line":1,"column":14},"end":{"line":1,"column":15}},"loc":{"start":{"line":2,"column":4},"end":{"line":21,"column":5}},"line":2}},"branchMap":{},"s":{"0":1,"1":4},"f":{"0":4},"b":{},"_coverageSchema":"1a1c01bbd47fc00a2c39e90264f33305004495a9","hash":"5370d5073cb2ec174337ef3a109ce82a874ba25b"}
,"E:\\Kaustubh code practice\\Restaurant app react\\src\\components\\sum.js": {"path":"E:\\Kaustubh code practice\\Restaurant app react\\src\\components\\sum.js","statementMap":{"0":{"start":{"line":1,"column":19},"end":{"line":3,"column":1}},"1":{"start":{"line":2,"column":4},"end":{"line":2,"column":15}}},"fnMap":{"0":{"name":"(anonymous_0)","decl":{"start":{"line":1,"column":19},"end":{"line":1,"column":20}},"loc":{"start":{"line":1,"column":26},"end":{"line":3,"column":1}},"line":1}},"branchMap":{},"s":{"0":1,"1":1},"f":{"0":1},"b":{},"_coverageSchema":"1a1c01bbd47fc00a2c39e90264f33305004495a9","hash":"0a3a1e01564e9e74fc7a52744ebfcdd97e1e1658"}
}
